{"file":"app.go:12","func":"main.main()","level":"info","msg":"Start server","time":"2024-02-24T15:05:15+02:00"}
{"file":"app.go:14","func":"main.main()","level":"info","msg":"Init handler","time":"2024-02-24T15:05:15+02:00"}
{"file":"handler_jobs.go:29","func":"github.com/fentezi/scraper/internal/handler.(*handler).Jobs()","level":"info","msg":"Job search started","time":"2024-02-24T15:06:14+02:00"}
{"file":"app.go:12","func":"main.main()","level":"info","msg":"Start server","time":"2024-02-24T15:10:24+02:00"}
{"file":"app.go:14","func":"main.main()","level":"info","msg":"Init handler","time":"2024-02-24T15:10:24+02:00"}
{"file":"handler_jobs.go:14","func":"github.com/fentezi/scraper/internal/handler.(*handler).ErrorJobs()","level":"error","msg":"Search request missing 'websites' parameter","time":"2024-02-24T15:11:57+02:00"}
{"file":"handler_jobs.go:14","func":"github.com/fentezi/scraper/internal/handler.(*handler).ErrorJobs()","level":"error","msg":"Search request missing 'websites' parameter","time":"2024-02-24T15:14:08+02:00"}
{"file":"handler_jobs.go:33","func":"github.com/fentezi/scraper/internal/handler.(*handler).Jobs()","level":"info","msg":"Job search started","time":"2024-02-24T15:14:35+02:00"}
{"file":"handler_jobs.go:67","func":"github.com/fentezi/scraper/internal/handler.(*handler).Jobs()","level":"info","msg":"Job search completed for experience: Middle, websites: dou.ua","time":"2024-02-24T15:14:36+02:00"}
{"file":"handler_jobs.go:14","func":"github.com/fentezi/scraper/internal/handler.(*handler).ErrorJobs()","level":"error","msg":"Search request missing 'websites' parameter","time":"2024-02-24T15:14:53+02:00"}
{"file":"handler_jobs.go:14","func":"github.com/fentezi/scraper/internal/handler.(*handler).ErrorJobs()","level":"error","msg":"Search request missing 'websites' parameter","time":"2024-02-24T15:17:22+02:00"}
{"file":"handler_jobs.go:33","func":"github.com/fentezi/scraper/internal/handler.(*handler).Jobs()","level":"info","msg":"Job search started","time":"2024-02-24T15:17:36+02:00"}
{"file":"handler_jobs.go:67","func":"github.com/fentezi/scraper/internal/handler.(*handler).Jobs()","level":"info","msg":"Job search completed for experience: Junior, websites: dou.ua","time":"2024-02-24T15:17:37+02:00"}
{"file":"handler_jobs.go:33","func":"github.com/fentezi/scraper/internal/handler.(*handler).Jobs()","level":"info","msg":"Job search started","time":"2024-02-24T15:17:45+02:00"}
{"file":"handler_jobs.go:67","func":"github.com/fentezi/scraper/internal/handler.(*handler).Jobs()","level":"info","msg":"Job search completed for experience: Junior, websites: dou.ua","time":"2024-02-24T15:17:45+02:00"}
{"file":"app.go:12","func":"main.main()","level":"info","msg":"Start server","time":"2024-02-29T21:41:46+02:00"}
{"file":"app.go:14","func":"main.main()","level":"info","msg":"Init handlers","time":"2024-02-29T21:41:46+02:00"}
{"file":"app.go:12","func":"main.main()","level":"info","msg":"Start server","time":"2024-02-29T21:47:53+02:00"}
{"file":"app.go:14","func":"main.main()","level":"info","msg":"Init handlers","time":"2024-02-29T21:47:53+02:00"}
{"file":"app.go:12","func":"main.main()","level":"info","msg":"Start server","time":"2024-02-29T21:48:52+02:00"}
{"file":"app.go:14","func":"main.main()","level":"info","msg":"Init handlers","time":"2024-02-29T21:48:52+02:00"}
{"file":"app.go:12","func":"main.main()","level":"info","msg":"Start server","time":"2024-02-29T21:49:44+02:00"}
{"file":"app.go:14","func":"main.main()","level":"info","msg":"Init handlers","time":"2024-02-29T21:49:44+02:00"}
{"file":"app.go:12","func":"main.main()","level":"info","msg":"Start server","time":"2024-02-29T21:51:46+02:00"}
{"file":"app.go:14","func":"main.main()","level":"info","msg":"Init handlers","time":"2024-02-29T21:51:46+02:00"}
{"file":"app.go:12","func":"main.main()","level":"info","msg":"Start server","time":"2024-02-29T21:54:18+02:00"}
{"file":"app.go:14","func":"main.main()","level":"info","msg":"Init handlers","time":"2024-02-29T21:54:18+02:00"}
{"file":"app.go:12","func":"main.main()","level":"info","msg":"Start server","time":"2024-02-29T21:55:18+02:00"}
{"file":"app.go:14","func":"main.main()","level":"info","msg":"Init handlers","time":"2024-02-29T21:55:18+02:00"}
{"file":"app.go:12","func":"main.main()","level":"info","msg":"Start server","time":"2024-02-29T21:58:31+02:00"}
{"file":"app.go:14","func":"main.main()","level":"info","msg":"Init handlers","time":"2024-02-29T21:58:31+02:00"}
{"file":"app.go:12","func":"main.main()","level":"info","msg":"Start server","time":"2024-02-29T22:03:30+02:00"}
{"file":"app.go:14","func":"main.main()","level":"info","msg":"Init handlers","time":"2024-02-29T22:03:30+02:00"}
{"file":"app.go:12","func":"main.main()","level":"info","msg":"Start server","time":"2024-02-29T22:05:38+02:00"}
{"file":"app.go:14","func":"main.main()","level":"info","msg":"Init handlers","time":"2024-02-29T22:05:38+02:00"}
{"file":"app.go:12","func":"main.main()","level":"info","msg":"Start server","time":"2024-02-29T22:05:50+02:00"}
{"file":"app.go:14","func":"main.main()","level":"info","msg":"Init handlers","time":"2024-02-29T22:05:50+02:00"}
{"file":"app.go:12","func":"main.main()","level":"info","msg":"Start server","time":"2024-02-29T22:10:11+02:00"}
{"file":"app.go:14","func":"main.main()","level":"info","msg":"Init handlers","time":"2024-02-29T22:10:11+02:00"}
{"file":"app.go:12","func":"main.main()","level":"info","msg":"Start server","time":"2024-02-29T23:08:50+02:00"}
{"file":"app.go:14","func":"main.main()","level":"info","msg":"Init handlers","time":"2024-02-29T23:08:50+02:00"}
{"file":"handlerDjinni.go:11","func":"github.com/fentezi/scraper/internal/handlers.(*handler).GetDjinni()","level":"info","msg":"In Get Djinni","time":"2024-02-29T23:09:24+02:00"}
{"file":"app.go:12","func":"main.main()","level":"info","msg":"Start server","time":"2024-02-29T23:10:53+02:00"}
{"file":"app.go:14","func":"main.main()","level":"info","msg":"Init handlers","time":"2024-02-29T23:10:53+02:00"}
{"file":"handlerDjinni.go:11","func":"github.com/fentezi/scraper/internal/handlers.(*handler).GetDjinni()","level":"info","msg":"In Get Djinni","time":"2024-02-29T23:11:07+02:00"}
{"file":"handlerDjinni.go:15","func":"github.com/fentezi/scraper/internal/handlers.(*handler).GetDjinni()","level":"info","msg":"Junior","time":"2024-02-29T23:11:07+02:00"}
{"file":"app.go:12","func":"main.main()","level":"info","msg":"Start server","time":"2024-02-29T23:11:32+02:00"}
{"file":"app.go:14","func":"main.main()","level":"info","msg":"Init handlers","time":"2024-02-29T23:11:32+02:00"}
{"file":"handlerDjinni.go:11","func":"github.com/fentezi/scraper/internal/handlers.(*handler).GetDjinni()","level":"info","msg":"In Get Djinni","time":"2024-02-29T23:11:40+02:00"}
{"file":"handlerDjinni.go:15","func":"github.com/fentezi/scraper/internal/handlers.(*handler).GetDjinni()","level":"info","msg":"Junior","time":"2024-02-29T23:11:40+02:00"}
{"file":"handlerDjinni.go:18","func":"github.com/fentezi/scraper/internal/handlers.(*handler).GetDjinni()","level":"info","msg":"Error","time":"2024-02-29T23:11:40+02:00"}
{"file":"app.go:12","func":"main.main()","level":"info","msg":"Start server","time":"2024-02-29T23:12:05+02:00"}
{"file":"app.go:14","func":"main.main()","level":"info","msg":"Init handlers","time":"2024-02-29T23:12:05+02:00"}
{"file":"handlerDjinni.go:11","func":"github.com/fentezi/scraper/internal/handlers.(*handler).GetDjinni()","level":"info","msg":"In Get Djinni","time":"2024-02-29T23:12:21+02:00"}
{"file":"handlerDjinni.go:15","func":"github.com/fentezi/scraper/internal/handlers.(*handler).GetDjinni()","level":"info","msg":"Junior","time":"2024-02-29T23:12:21+02:00"}
{"file":"handlerDjinni.go:18","func":"github.com/fentezi/scraper/internal/handlers.(*handler).GetDjinni()","level":"info","msg":"Choose the right experience","time":"2024-02-29T23:12:21+02:00"}
{"file":"app.go:12","func":"main.main()","level":"info","msg":"Start server","time":"2024-02-29T23:18:58+02:00"}
{"file":"app.go:14","func":"main.main()","level":"info","msg":"Init handlers","time":"2024-02-29T23:18:58+02:00"}
{"file":"handlerDjinni.go:11","func":"github.com/fentezi/scraper/internal/handlers.(*handler).GetDjinni()","level":"info","msg":"In Get Djinni","time":"2024-02-29T23:19:28+02:00"}
{"file":"handlerDjinni.go:15","func":"github.com/fentezi/scraper/internal/handlers.(*handler).GetDjinni()","level":"info","msg":"Junior","time":"2024-02-29T23:19:28+02:00"}
{"file":"handlerDjinni.go:18","func":"github.com/fentezi/scraper/internal/handlers.(*handler).GetDjinni()","level":"info","msg":"Choose the right experience","time":"2024-02-29T23:19:28+02:00"}
{"file":"app.go:12","func":"main.main()","level":"info","msg":"Start server","time":"2024-02-29T23:21:13+02:00"}
{"file":"app.go:14","func":"main.main()","level":"info","msg":"Init handlers","time":"2024-02-29T23:21:13+02:00"}
{"file":"handlerDjinni.go:11","func":"github.com/fentezi/scraper/internal/handlers.(*handler).GetDjinni()","level":"info","msg":"In Get Djinni","time":"2024-02-29T23:21:22+02:00"}
{"file":"handlerDjinni.go:15","func":"github.com/fentezi/scraper/internal/handlers.(*handler).GetDjinni()","level":"info","msg":"Junior","time":"2024-02-29T23:21:22+02:00"}
{"file":"djinniService.go:47","func":"github.com/fentezi/scraper/internal/services.ParserDjinni.func2()","level":"info","msg":"Finisged scraping: https://djinni.co/jobs/?primary_keyword=Golang","time":"2024-02-29T23:21:23+02:00"}
{"file":"djinniService.go:47","func":"github.com/fentezi/scraper/internal/services.ParserDjinni.func2()","level":"info","msg":"Finisged scraping: https://djinni.co/jobs/?primary_keyword=Golang\u0026page=2","time":"2024-02-29T23:21:23+02:00"}
{"file":"djinniService.go:47","func":"github.com/fentezi/scraper/internal/services.ParserDjinni.func2()","level":"info","msg":"Finisged scraping: https://djinni.co/jobs/?primary_keyword=Golang\u0026page=3","time":"2024-02-29T23:21:23+02:00"}
{"file":"djinniService.go:47","func":"github.com/fentezi/scraper/internal/services.ParserDjinni.func2()","level":"info","msg":"Finisged scraping: https://djinni.co/jobs/?primary_keyword=Golang\u0026page=4","time":"2024-02-29T23:21:24+02:00"}
{"file":"app.go:12","func":"main.main()","level":"info","msg":"Start server","time":"2024-02-29T23:27:42+02:00"}
{"file":"app.go:14","func":"main.main()","level":"info","msg":"Init handlers","time":"2024-02-29T23:27:42+02:00"}
{"file":"handlerDjinni.go:11","func":"github.com/fentezi/scraper/internal/handlers.(*handler).GetDjinni()","level":"info","msg":"In Get Djinni","time":"2024-02-29T23:28:25+02:00"}
{"file":"handlerDjinni.go:15","func":"github.com/fentezi/scraper/internal/handlers.(*handler).GetDjinni()","level":"info","msg":"Junior","time":"2024-02-29T23:28:25+02:00"}
{"file":"djinniService.go:47","func":"github.com/fentezi/scraper/internal/services.ParserDjinni.func2()","level":"info","msg":"Finisged scraping: https://djinni.co/jobs/?primary_keyword=Golang","time":"2024-02-29T23:28:25+02:00"}
{"file":"djinniService.go:47","func":"github.com/fentezi/scraper/internal/services.ParserDjinni.func2()","level":"info","msg":"Finisged scraping: https://djinni.co/jobs/?primary_keyword=Golang\u0026page=2","time":"2024-02-29T23:28:25+02:00"}
{"file":"djinniService.go:47","func":"github.com/fentezi/scraper/internal/services.ParserDjinni.func2()","level":"info","msg":"Finisged scraping: https://djinni.co/jobs/?primary_keyword=Golang\u0026page=3","time":"2024-02-29T23:28:25+02:00"}
{"file":"djinniService.go:47","func":"github.com/fentezi/scraper/internal/services.ParserDjinni.func2()","level":"info","msg":"Finisged scraping: https://djinni.co/jobs/?primary_keyword=Golang\u0026page=4","time":"2024-02-29T23:28:26+02:00"}
{"file":"app.go:12","func":"main.main()","level":"info","msg":"Start server","time":"2024-02-29T23:34:57+02:00"}
{"file":"app.go:14","func":"main.main()","level":"info","msg":"Init handlers","time":"2024-02-29T23:34:57+02:00"}
{"file":"handlerDjinni.go:11","func":"github.com/fentezi/scraper/internal/handlers.(*handler).GetDjinni()","level":"info","msg":"In Get Djinni","time":"2024-02-29T23:35:30+02:00"}
{"file":"handlerDjinni.go:15","func":"github.com/fentezi/scraper/internal/handlers.(*handler).GetDjinni()","level":"info","msg":"Junior","time":"2024-02-29T23:35:30+02:00"}
{"file":"djinniService.go:47","func":"github.com/fentezi/scraper/internal/services.ParserDjinni.func2()","level":"info","msg":"Finisged scraping: https://djinni.co/jobs/?primary_keyword=Golang","time":"2024-02-29T23:35:30+02:00"}
{"file":"djinniService.go:47","func":"github.com/fentezi/scraper/internal/services.ParserDjinni.func2()","level":"info","msg":"Finisged scraping: https://djinni.co/jobs/?primary_keyword=Golang\u0026page=2","time":"2024-02-29T23:35:30+02:00"}
{"file":"djinniService.go:47","func":"github.com/fentezi/scraper/internal/services.ParserDjinni.func2()","level":"info","msg":"Finisged scraping: https://djinni.co/jobs/?primary_keyword=Golang\u0026page=3","time":"2024-02-29T23:35:31+02:00"}
{"file":"djinniService.go:47","func":"github.com/fentezi/scraper/internal/services.ParserDjinni.func2()","level":"info","msg":"Finisged scraping: https://djinni.co/jobs/?primary_keyword=Golang\u0026page=4","time":"2024-02-29T23:35:31+02:00"}
{"file":"app.go:12","func":"main.main()","level":"info","msg":"Start server","time":"2024-02-29T23:36:05+02:00"}
{"file":"app.go:14","func":"main.main()","level":"info","msg":"Init handlers","time":"2024-02-29T23:36:05+02:00"}
{"file":"handlerDjinni.go:11","func":"github.com/fentezi/scraper/internal/handlers.(*handler).GetDjinni()","level":"info","msg":"In Get Djinni","time":"2024-02-29T23:36:25+02:00"}
{"file":"handlerDjinni.go:15","func":"github.com/fentezi/scraper/internal/handlers.(*handler).GetDjinni()","level":"info","msg":"Junior","time":"2024-02-29T23:36:25+02:00"}
{"file":"djinniService.go:47","func":"github.com/fentezi/scraper/internal/services.ParserDjinni.func2()","level":"info","msg":"Finisged scraping: https://djinni.co/jobs/?primary_keyword=Golang","time":"2024-02-29T23:36:26+02:00"}
{"file":"djinniService.go:47","func":"github.com/fentezi/scraper/internal/services.ParserDjinni.func2()","level":"info","msg":"Finisged scraping: https://djinni.co/jobs/?primary_keyword=Golang\u0026page=2","time":"2024-02-29T23:36:26+02:00"}
{"file":"djinniService.go:47","func":"github.com/fentezi/scraper/internal/services.ParserDjinni.func2()","level":"info","msg":"Finisged scraping: https://djinni.co/jobs/?primary_keyword=Golang\u0026page=3","time":"2024-02-29T23:36:26+02:00"}
{"file":"djinniService.go:47","func":"github.com/fentezi/scraper/internal/services.ParserDjinni.func2()","level":"info","msg":"Finisged scraping: https://djinni.co/jobs/?primary_keyword=Golang\u0026page=4","time":"2024-02-29T23:36:27+02:00"}
{"file":"app.go:12","func":"main.main()","level":"info","msg":"Start server","time":"2024-02-29T23:36:59+02:00"}
{"file":"app.go:14","func":"main.main()","level":"info","msg":"Init handlers","time":"2024-02-29T23:36:59+02:00"}
{"file":"handlerDjinni.go:11","func":"github.com/fentezi/scraper/internal/handlers.(*handler).GetDjinni()","level":"info","msg":"In Get Djinni","time":"2024-02-29T23:37:21+02:00"}
{"file":"handlerDjinni.go:15","func":"github.com/fentezi/scraper/internal/handlers.(*handler).GetDjinni()","level":"info","msg":"Junior","time":"2024-02-29T23:37:21+02:00"}
{"file":"djinniService.go:47","func":"github.com/fentezi/scraper/internal/services.ParserDjinni.func2()","level":"info","msg":"Finisged scraping: https://djinni.co/jobs/?primary_keyword=Golang","time":"2024-02-29T23:37:22+02:00"}
{"file":"djinniService.go:47","func":"github.com/fentezi/scraper/internal/services.ParserDjinni.func2()","level":"info","msg":"Finisged scraping: https://djinni.co/jobs/?primary_keyword=Golang\u0026page=2","time":"2024-02-29T23:37:22+02:00"}
{"file":"djinniService.go:47","func":"github.com/fentezi/scraper/internal/services.ParserDjinni.func2()","level":"info","msg":"Finisged scraping: https://djinni.co/jobs/?primary_keyword=Golang\u0026page=3","time":"2024-02-29T23:37:23+02:00"}
{"file":"djinniService.go:47","func":"github.com/fentezi/scraper/internal/services.ParserDjinni.func2()","level":"info","msg":"Finisged scraping: https://djinni.co/jobs/?primary_keyword=Golang\u0026page=4","time":"2024-02-29T23:37:23+02:00"}
{"file":"app.go:12","func":"main.main()","level":"info","msg":"Start server","time":"2024-02-29T23:37:43+02:00"}
{"file":"app.go:14","func":"main.main()","level":"info","msg":"Init handlers","time":"2024-02-29T23:37:43+02:00"}
{"file":"handlerDjinni.go:11","func":"github.com/fentezi/scraper/internal/handlers.(*handler).GetDjinni()","level":"info","msg":"In Get Djinni","time":"2024-02-29T23:37:54+02:00"}
{"file":"handlerDjinni.go:15","func":"github.com/fentezi/scraper/internal/handlers.(*handler).GetDjinni()","level":"info","msg":"Junior","time":"2024-02-29T23:37:54+02:00"}
{"file":"djinniService.go:47","func":"github.com/fentezi/scraper/internal/services.ParserDjinni.func2()","level":"info","msg":"Finisged scraping: https://djinni.co/jobs/?primary_keyword=Golang","time":"2024-02-29T23:37:55+02:00"}
{"file":"djinniService.go:47","func":"github.com/fentezi/scraper/internal/services.ParserDjinni.func2()","level":"info","msg":"Finisged scraping: https://djinni.co/jobs/?primary_keyword=Golang\u0026page=2","time":"2024-02-29T23:37:55+02:00"}
{"file":"djinniService.go:47","func":"github.com/fentezi/scraper/internal/services.ParserDjinni.func2()","level":"info","msg":"Finisged scraping: https://djinni.co/jobs/?primary_keyword=Golang\u0026page=3","time":"2024-02-29T23:37:55+02:00"}
{"file":"djinniService.go:47","func":"github.com/fentezi/scraper/internal/services.ParserDjinni.func2()","level":"info","msg":"Finisged scraping: https://djinni.co/jobs/?primary_keyword=Golang\u0026page=4","time":"2024-02-29T23:37:56+02:00"}
{"file":"handlerDjinni.go:22","func":"github.com/fentezi/scraper/internal/handlers.(*handler).GetDjinni()","level":"info","msg":"0xc000717140","time":"2024-02-29T23:37:56+02:00"}
{"file":"app.go:12","func":"main.main()","level":"info","msg":"Start server","time":"2024-02-29T23:38:15+02:00"}
{"file":"app.go:14","func":"main.main()","level":"info","msg":"Init handlers","time":"2024-02-29T23:38:15+02:00"}
{"file":"handlerDjinni.go:11","func":"github.com/fentezi/scraper/internal/handlers.(*handler).GetDjinni()","level":"info","msg":"In Get Djinni","time":"2024-02-29T23:38:24+02:00"}
{"file":"handlerDjinni.go:15","func":"github.com/fentezi/scraper/internal/handlers.(*handler).GetDjinni()","level":"info","msg":"Junior","time":"2024-02-29T23:38:24+02:00"}
{"file":"djinniService.go:47","func":"github.com/fentezi/scraper/internal/services.ParserDjinni.func2()","level":"info","msg":"Finisged scraping: https://djinni.co/jobs/?primary_keyword=Golang","time":"2024-02-29T23:38:24+02:00"}
{"file":"djinniService.go:47","func":"github.com/fentezi/scraper/internal/services.ParserDjinni.func2()","level":"info","msg":"Finisged scraping: https://djinni.co/jobs/?primary_keyword=Golang\u0026page=2","time":"2024-02-29T23:38:25+02:00"}
{"file":"djinniService.go:47","func":"github.com/fentezi/scraper/internal/services.ParserDjinni.func2()","level":"info","msg":"Finisged scraping: https://djinni.co/jobs/?primary_keyword=Golang\u0026page=3","time":"2024-02-29T23:38:25+02:00"}
{"file":"djinniService.go:47","func":"github.com/fentezi/scraper/internal/services.ParserDjinni.func2()","level":"info","msg":"Finisged scraping: https://djinni.co/jobs/?primary_keyword=Golang\u0026page=4","time":"2024-02-29T23:38:25+02:00"}
{"file":"app.go:12","func":"main.main()","level":"info","msg":"Start server","time":"2024-02-29T23:38:40+02:00"}
{"file":"app.go:14","func":"main.main()","level":"info","msg":"Init handlers","time":"2024-02-29T23:38:40+02:00"}
{"file":"handlerDjinni.go:11","func":"github.com/fentezi/scraper/internal/handlers.(*handler).GetDjinni()","level":"info","msg":"In Get Djinni","time":"2024-02-29T23:38:42+02:00"}
{"file":"handlerDjinni.go:15","func":"github.com/fentezi/scraper/internal/handlers.(*handler).GetDjinni()","level":"info","msg":"Junior","time":"2024-02-29T23:38:42+02:00"}
{"file":"djinniService.go:47","func":"github.com/fentezi/scraper/internal/services.ParserDjinni.func2()","level":"info","msg":"Finisged scraping: https://djinni.co/jobs/?primary_keyword=Golang","time":"2024-02-29T23:38:42+02:00"}
{"file":"djinniService.go:47","func":"github.com/fentezi/scraper/internal/services.ParserDjinni.func2()","level":"info","msg":"Finisged scraping: https://djinni.co/jobs/?primary_keyword=Golang\u0026page=2","time":"2024-02-29T23:38:43+02:00"}
{"file":"djinniService.go:47","func":"github.com/fentezi/scraper/internal/services.ParserDjinni.func2()","level":"info","msg":"Finisged scraping: https://djinni.co/jobs/?primary_keyword=Golang\u0026page=3","time":"2024-02-29T23:38:43+02:00"}
{"file":"djinniService.go:47","func":"github.com/fentezi/scraper/internal/services.ParserDjinni.func2()","level":"info","msg":"Finisged scraping: https://djinni.co/jobs/?primary_keyword=Golang\u0026page=4","time":"2024-02-29T23:38:43+02:00"}
{"file":"app.go:12","func":"main.main()","level":"info","msg":"Start server","time":"2024-02-29T23:41:37+02:00"}
{"file":"app.go:14","func":"main.main()","level":"info","msg":"Init handlers","time":"2024-02-29T23:41:37+02:00"}
{"file":"handlerDjinni.go:11","func":"github.com/fentezi/scraper/internal/handlers.(*handler).GetDjinni()","level":"info","msg":"In Get Djinni","time":"2024-02-29T23:41:45+02:00"}
{"file":"handlerDjinni.go:15","func":"github.com/fentezi/scraper/internal/handlers.(*handler).GetDjinni()","level":"info","msg":"Junior","time":"2024-02-29T23:41:45+02:00"}
{"file":"djinniService.go:47","func":"github.com/fentezi/scraper/internal/services.ParserDjinni.func2()","level":"info","msg":"Finisged scraping: https://djinni.co/jobs/?primary_keyword=Golang","time":"2024-02-29T23:41:46+02:00"}
{"file":"djinniService.go:47","func":"github.com/fentezi/scraper/internal/services.ParserDjinni.func2()","level":"info","msg":"Finisged scraping: https://djinni.co/jobs/?primary_keyword=Golang\u0026page=2","time":"2024-02-29T23:41:46+02:00"}
{"file":"djinniService.go:47","func":"github.com/fentezi/scraper/internal/services.ParserDjinni.func2()","level":"info","msg":"Finisged scraping: https://djinni.co/jobs/?primary_keyword=Golang\u0026page=3","time":"2024-02-29T23:41:46+02:00"}
{"file":"djinniService.go:47","func":"github.com/fentezi/scraper/internal/services.ParserDjinni.func2()","level":"info","msg":"Finisged scraping: https://djinni.co/jobs/?primary_keyword=Golang\u0026page=4","time":"2024-02-29T23:41:47+02:00"}
{"file":"app.go:12","func":"main.main()","level":"info","msg":"Start server","time":"2024-02-29T23:42:04+02:00"}
{"file":"app.go:14","func":"main.main()","level":"info","msg":"Init handlers","time":"2024-02-29T23:42:04+02:00"}
{"file":"handlerDjinni.go:11","func":"github.com/fentezi/scraper/internal/handlers.(*handler).GetDjinni()","level":"info","msg":"In Get Djinni","time":"2024-02-29T23:42:08+02:00"}
{"file":"handlerDjinni.go:15","func":"github.com/fentezi/scraper/internal/handlers.(*handler).GetDjinni()","level":"info","msg":"Junior","time":"2024-02-29T23:42:08+02:00"}
{"file":"djinniService.go:47","func":"github.com/fentezi/scraper/internal/services.ParserDjinni.func2()","level":"info","msg":"Finisged scraping: https://djinni.co/jobs/?primary_keyword=Golang","time":"2024-02-29T23:42:09+02:00"}
{"file":"djinniService.go:47","func":"github.com/fentezi/scraper/internal/services.ParserDjinni.func2()","level":"info","msg":"Finisged scraping: https://djinni.co/jobs/?primary_keyword=Golang\u0026page=2","time":"2024-02-29T23:42:09+02:00"}
{"file":"djinniService.go:47","func":"github.com/fentezi/scraper/internal/services.ParserDjinni.func2()","level":"info","msg":"Finisged scraping: https://djinni.co/jobs/?primary_keyword=Golang\u0026page=3","time":"2024-02-29T23:42:09+02:00"}
{"file":"djinniService.go:47","func":"github.com/fentezi/scraper/internal/services.ParserDjinni.func2()","level":"info","msg":"Finisged scraping: https://djinni.co/jobs/?primary_keyword=Golang\u0026page=4","time":"2024-02-29T23:42:10+02:00"}
{"file":"handlerDjinni.go:11","func":"github.com/fentezi/scraper/internal/handlers.(*handler).GetDjinni()","level":"info","msg":"In Get Djinni","time":"2024-02-29T23:42:12+02:00"}
{"file":"handlerDjinni.go:15","func":"github.com/fentezi/scraper/internal/handlers.(*handler).GetDjinni()","level":"info","msg":"Junior","time":"2024-02-29T23:42:12+02:00"}
{"file":"djinniService.go:47","func":"github.com/fentezi/scraper/internal/services.ParserDjinni.func2()","level":"info","msg":"Finisged scraping: https://djinni.co/jobs/?primary_keyword=Golang","time":"2024-02-29T23:42:13+02:00"}
{"file":"djinniService.go:47","func":"github.com/fentezi/scraper/internal/services.ParserDjinni.func2()","level":"info","msg":"Finisged scraping: https://djinni.co/jobs/?primary_keyword=Golang\u0026page=2","time":"2024-02-29T23:42:13+02:00"}
{"file":"djinniService.go:47","func":"github.com/fentezi/scraper/internal/services.ParserDjinni.func2()","level":"info","msg":"Finisged scraping: https://djinni.co/jobs/?primary_keyword=Golang\u0026page=3","time":"2024-02-29T23:42:13+02:00"}
{"file":"djinniService.go:47","func":"github.com/fentezi/scraper/internal/services.ParserDjinni.func2()","level":"info","msg":"Finisged scraping: https://djinni.co/jobs/?primary_keyword=Golang\u0026page=4","time":"2024-02-29T23:42:13+02:00"}
{"file":"app.go:12","func":"main.main()","level":"info","msg":"Start server","time":"2024-02-29T23:44:09+02:00"}
{"file":"app.go:14","func":"main.main()","level":"info","msg":"Init handlers","time":"2024-02-29T23:44:09+02:00"}
{"file":"handlerDjinni.go:11","func":"github.com/fentezi/scraper/internal/handlers.(*handler).GetDjinni()","level":"info","msg":"In Get Djinni","time":"2024-02-29T23:44:15+02:00"}
{"file":"handlerDjinni.go:15","func":"github.com/fentezi/scraper/internal/handlers.(*handler).GetDjinni()","level":"info","msg":"Junior","time":"2024-02-29T23:44:15+02:00"}
{"file":"djinniService.go:47","func":"github.com/fentezi/scraper/internal/services.ParserDjinni.func2()","level":"info","msg":"Finisged scraping: https://djinni.co/jobs/?primary_keyword=Golang","time":"2024-02-29T23:44:16+02:00"}
{"file":"djinniService.go:47","func":"github.com/fentezi/scraper/internal/services.ParserDjinni.func2()","level":"info","msg":"Finisged scraping: https://djinni.co/jobs/?primary_keyword=Golang\u0026page=2","time":"2024-02-29T23:44:16+02:00"}
{"file":"djinniService.go:47","func":"github.com/fentezi/scraper/internal/services.ParserDjinni.func2()","level":"info","msg":"Finisged scraping: https://djinni.co/jobs/?primary_keyword=Golang\u0026page=3","time":"2024-02-29T23:44:16+02:00"}
{"file":"djinniService.go:47","func":"github.com/fentezi/scraper/internal/services.ParserDjinni.func2()","level":"info","msg":"Finisged scraping: https://djinni.co/jobs/?primary_keyword=Golang\u0026page=4","time":"2024-02-29T23:44:17+02:00"}
{"file":"app.go:12","func":"main.main()","level":"info","msg":"Start server","time":"2024-02-29T23:50:36+02:00"}
{"file":"app.go:14","func":"main.main()","level":"info","msg":"Init handlers","time":"2024-02-29T23:50:36+02:00"}
{"file":"handlerDjinni.go:11","func":"github.com/fentezi/scraper/internal/handlers.(*handler).GetDjinni()","level":"info","msg":"In Get Djinni","time":"2024-02-29T23:50:41+02:00"}
{"file":"handlerDjinni.go:15","func":"github.com/fentezi/scraper/internal/handlers.(*handler).GetDjinni()","level":"info","msg":"Junior","time":"2024-02-29T23:50:41+02:00"}
{"file":"djinniService.go:47","func":"github.com/fentezi/scraper/internal/services.ParserDjinni.func2()","level":"info","msg":"Finisged scraping: https://djinni.co/jobs/?primary_keyword=Golang","time":"2024-02-29T23:50:41+02:00"}
{"file":"djinniService.go:47","func":"github.com/fentezi/scraper/internal/services.ParserDjinni.func2()","level":"info","msg":"Finisged scraping: https://djinni.co/jobs/?primary_keyword=Golang\u0026page=2","time":"2024-02-29T23:50:41+02:00"}
{"file":"djinniService.go:47","func":"github.com/fentezi/scraper/internal/services.ParserDjinni.func2()","level":"info","msg":"Finisged scraping: https://djinni.co/jobs/?primary_keyword=Golang\u0026page=3","time":"2024-02-29T23:50:42+02:00"}
{"file":"djinniService.go:47","func":"github.com/fentezi/scraper/internal/services.ParserDjinni.func2()","level":"info","msg":"Finisged scraping: https://djinni.co/jobs/?primary_keyword=Golang\u0026page=4","time":"2024-02-29T23:50:42+02:00"}
{"file":"handlerDjinni.go:11","func":"github.com/fentezi/scraper/internal/handlers.(*handler).GetDjinni()","level":"info","msg":"In Get Djinni","time":"2024-02-29T23:50:45+02:00"}
{"file":"handlerDjinni.go:15","func":"github.com/fentezi/scraper/internal/handlers.(*handler).GetDjinni()","level":"info","msg":"Junior","time":"2024-02-29T23:50:45+02:00"}
{"file":"djinniService.go:47","func":"github.com/fentezi/scraper/internal/services.ParserDjinni.func2()","level":"info","msg":"Finisged scraping: https://djinni.co/jobs/?primary_keyword=Golang","time":"2024-02-29T23:50:45+02:00"}
{"file":"djinniService.go:47","func":"github.com/fentezi/scraper/internal/services.ParserDjinni.func2()","level":"info","msg":"Finisged scraping: https://djinni.co/jobs/?primary_keyword=Golang\u0026page=2","time":"2024-02-29T23:50:46+02:00"}
{"file":"djinniService.go:47","func":"github.com/fentezi/scraper/internal/services.ParserDjinni.func2()","level":"info","msg":"Finisged scraping: https://djinni.co/jobs/?primary_keyword=Golang\u0026page=3","time":"2024-02-29T23:50:46+02:00"}
{"file":"djinniService.go:47","func":"github.com/fentezi/scraper/internal/services.ParserDjinni.func2()","level":"info","msg":"Finisged scraping: https://djinni.co/jobs/?primary_keyword=Golang\u0026page=4","time":"2024-02-29T23:50:46+02:00"}
{"file":"handlerDjinni.go:24","func":"github.com/fentezi/scraper/internal/handlers.(*handler).GetDjinni()","level":"info","msg":"ctx done","time":"2024-02-29T23:50:46+02:00"}
{"file":"app.go:12","func":"main.main()","level":"info","msg":"Start server","time":"2024-02-29T23:51:30+02:00"}
{"file":"app.go:14","func":"main.main()","level":"info","msg":"Init handlers","time":"2024-02-29T23:51:30+02:00"}
{"file":"handlerDjinni.go:11","func":"github.com/fentezi/scraper/internal/handlers.(*handler).GetDjinni()","level":"info","msg":"In Get Djinni","time":"2024-02-29T23:52:09+02:00"}
{"file":"handlerDjinni.go:15","func":"github.com/fentezi/scraper/internal/handlers.(*handler).GetDjinni()","level":"info","msg":"Junior","time":"2024-02-29T23:52:09+02:00"}
{"file":"djinniService.go:47","func":"github.com/fentezi/scraper/internal/services.ParserDjinni.func2()","level":"info","msg":"Finisged scraping: https://djinni.co/jobs/?primary_keyword=Golang","time":"2024-02-29T23:52:09+02:00"}
{"file":"djinniService.go:47","func":"github.com/fentezi/scraper/internal/services.ParserDjinni.func2()","level":"info","msg":"Finisged scraping: https://djinni.co/jobs/?primary_keyword=Golang\u0026page=2","time":"2024-02-29T23:52:10+02:00"}
{"file":"djinniService.go:47","func":"github.com/fentezi/scraper/internal/services.ParserDjinni.func2()","level":"info","msg":"Finisged scraping: https://djinni.co/jobs/?primary_keyword=Golang\u0026page=3","time":"2024-02-29T23:52:10+02:00"}
{"file":"djinniService.go:47","func":"github.com/fentezi/scraper/internal/services.ParserDjinni.func2()","level":"info","msg":"Finisged scraping: https://djinni.co/jobs/?primary_keyword=Golang\u0026page=4","time":"2024-02-29T23:52:10+02:00"}
{"file":"handlerDjinni.go:11","func":"github.com/fentezi/scraper/internal/handlers.(*handler).GetDjinni()","level":"info","msg":"In Get Djinni","time":"2024-02-29T23:52:12+02:00"}
{"file":"handlerDjinni.go:15","func":"github.com/fentezi/scraper/internal/handlers.(*handler).GetDjinni()","level":"info","msg":"Junior","time":"2024-02-29T23:52:12+02:00"}
{"file":"djinniService.go:47","func":"github.com/fentezi/scraper/internal/services.ParserDjinni.func2()","level":"info","msg":"Finisged scraping: https://djinni.co/jobs/?primary_keyword=Golang","time":"2024-02-29T23:52:12+02:00"}
{"file":"djinniService.go:47","func":"github.com/fentezi/scraper/internal/services.ParserDjinni.func2()","level":"info","msg":"Finisged scraping: https://djinni.co/jobs/?primary_keyword=Golang\u0026page=2","time":"2024-02-29T23:52:13+02:00"}
{"file":"djinniService.go:47","func":"github.com/fentezi/scraper/internal/services.ParserDjinni.func2()","level":"info","msg":"Finisged scraping: https://djinni.co/jobs/?primary_keyword=Golang\u0026page=3","time":"2024-02-29T23:52:13+02:00"}
{"file":"djinniService.go:47","func":"github.com/fentezi/scraper/internal/services.ParserDjinni.func2()","level":"info","msg":"Finisged scraping: https://djinni.co/jobs/?primary_keyword=Golang\u0026page=4","time":"2024-02-29T23:52:13+02:00"}
{"file":"handlerDjinni.go:11","func":"github.com/fentezi/scraper/internal/handlers.(*handler).GetDjinni()","level":"info","msg":"In Get Djinni","time":"2024-02-29T23:52:22+02:00"}
{"file":"handlerDjinni.go:15","func":"github.com/fentezi/scraper/internal/handlers.(*handler).GetDjinni()","level":"info","msg":"Junior","time":"2024-02-29T23:52:22+02:00"}
{"file":"djinniService.go:47","func":"github.com/fentezi/scraper/internal/services.ParserDjinni.func2()","level":"info","msg":"Finisged scraping: https://djinni.co/jobs/?primary_keyword=Golang","time":"2024-02-29T23:52:23+02:00"}
{"file":"djinniService.go:47","func":"github.com/fentezi/scraper/internal/services.ParserDjinni.func2()","level":"info","msg":"Finisged scraping: https://djinni.co/jobs/?primary_keyword=Golang\u0026page=2","time":"2024-02-29T23:52:23+02:00"}
{"file":"djinniService.go:47","func":"github.com/fentezi/scraper/internal/services.ParserDjinni.func2()","level":"info","msg":"Finisged scraping: https://djinni.co/jobs/?primary_keyword=Golang\u0026page=3","time":"2024-02-29T23:52:23+02:00"}
{"file":"djinniService.go:47","func":"github.com/fentezi/scraper/internal/services.ParserDjinni.func2()","level":"info","msg":"Finisged scraping: https://djinni.co/jobs/?primary_keyword=Golang\u0026page=4","time":"2024-02-29T23:52:24+02:00"}
{"file":"handlerDjinni.go:24","func":"github.com/fentezi/scraper/internal/handlers.(*handler).GetDjinni()","level":"info","msg":"ctx done","time":"2024-02-29T23:52:24+02:00"}
{"file":"app.go:12","func":"main.main()","level":"info","msg":"Start server","time":"2024-02-29T23:53:48+02:00"}
{"file":"app.go:14","func":"main.main()","level":"info","msg":"Init handlers","time":"2024-02-29T23:53:48+02:00"}
{"file":"handlerDjinni.go:11","func":"github.com/fentezi/scraper/internal/handlers.(*handler).GetDjinni()","level":"info","msg":"In Get Djinni","time":"2024-02-29T23:54:34+02:00"}
{"file":"handlerDjinni.go:15","func":"github.com/fentezi/scraper/internal/handlers.(*handler).GetDjinni()","level":"info","msg":"Junior","time":"2024-02-29T23:54:34+02:00"}
{"file":"djinniService.go:47","func":"github.com/fentezi/scraper/internal/services.ParserDjinni.func2()","level":"info","msg":"Finisged scraping: https://djinni.co/jobs/?primary_keyword=Golang","time":"2024-02-29T23:54:35+02:00"}
{"file":"djinniService.go:47","func":"github.com/fentezi/scraper/internal/services.ParserDjinni.func2()","level":"info","msg":"Finisged scraping: https://djinni.co/jobs/?primary_keyword=Golang\u0026page=2","time":"2024-02-29T23:54:35+02:00"}
{"file":"djinniService.go:47","func":"github.com/fentezi/scraper/internal/services.ParserDjinni.func2()","level":"info","msg":"Finisged scraping: https://djinni.co/jobs/?primary_keyword=Golang\u0026page=3","time":"2024-02-29T23:54:35+02:00"}
{"file":"djinniService.go:47","func":"github.com/fentezi/scraper/internal/services.ParserDjinni.func2()","level":"info","msg":"Finisged scraping: https://djinni.co/jobs/?primary_keyword=Golang\u0026page=4","time":"2024-02-29T23:54:36+02:00"}
{"file":"handlerDjinni.go:11","func":"github.com/fentezi/scraper/internal/handlers.(*handler).GetDjinni()","level":"info","msg":"In Get Djinni","time":"2024-02-29T23:54:39+02:00"}
{"file":"handlerDjinni.go:15","func":"github.com/fentezi/scraper/internal/handlers.(*handler).GetDjinni()","level":"info","msg":"Junior","time":"2024-02-29T23:54:39+02:00"}
{"file":"djinniService.go:47","func":"github.com/fentezi/scraper/internal/services.ParserDjinni.func2()","level":"info","msg":"Finisged scraping: https://djinni.co/jobs/?primary_keyword=Golang","time":"2024-02-29T23:54:39+02:00"}
{"file":"djinniService.go:47","func":"github.com/fentezi/scraper/internal/services.ParserDjinni.func2()","level":"info","msg":"Finisged scraping: https://djinni.co/jobs/?primary_keyword=Golang\u0026page=2","time":"2024-02-29T23:54:39+02:00"}
{"file":"djinniService.go:47","func":"github.com/fentezi/scraper/internal/services.ParserDjinni.func2()","level":"info","msg":"Finisged scraping: https://djinni.co/jobs/?primary_keyword=Golang\u0026page=3","time":"2024-02-29T23:54:40+02:00"}
{"file":"djinniService.go:47","func":"github.com/fentezi/scraper/internal/services.ParserDjinni.func2()","level":"info","msg":"Finisged scraping: https://djinni.co/jobs/?primary_keyword=Golang\u0026page=4","time":"2024-02-29T23:54:40+02:00"}
{"file":"handlerDjinni.go:24","func":"github.com/fentezi/scraper/internal/handlers.(*handler).GetDjinni()","level":"info","msg":"ctx done","time":"2024-02-29T23:54:40+02:00"}
{"file":"app.go:12","func":"main.main()","level":"info","msg":"Start server","time":"2024-02-29T23:56:32+02:00"}
{"file":"app.go:14","func":"main.main()","level":"info","msg":"Init handlers","time":"2024-02-29T23:56:32+02:00"}
{"file":"handlerDjinni.go:11","func":"github.com/fentezi/scraper/internal/handlers.(*handler).GetDjinni()","level":"info","msg":"In Get Djinni","time":"2024-02-29T23:56:47+02:00"}
{"file":"handlerDjinni.go:15","func":"github.com/fentezi/scraper/internal/handlers.(*handler).GetDjinni()","level":"info","msg":"Junior","time":"2024-02-29T23:56:47+02:00"}
{"file":"djinniService.go:47","func":"github.com/fentezi/scraper/internal/services.ParserDjinni.func2()","level":"info","msg":"Finisged scraping: https://djinni.co/jobs/?primary_keyword=Golang","time":"2024-02-29T23:56:47+02:00"}
{"file":"djinniService.go:47","func":"github.com/fentezi/scraper/internal/services.ParserDjinni.func2()","level":"info","msg":"Finisged scraping: https://djinni.co/jobs/?primary_keyword=Golang\u0026page=2","time":"2024-02-29T23:56:47+02:00"}
{"file":"djinniService.go:47","func":"github.com/fentezi/scraper/internal/services.ParserDjinni.func2()","level":"info","msg":"Finisged scraping: https://djinni.co/jobs/?primary_keyword=Golang\u0026page=3","time":"2024-02-29T23:56:48+02:00"}
{"file":"djinniService.go:47","func":"github.com/fentezi/scraper/internal/services.ParserDjinni.func2()","level":"info","msg":"Finisged scraping: https://djinni.co/jobs/?primary_keyword=Golang\u0026page=4","time":"2024-02-29T23:56:48+02:00"}
{"file":"handlerDjinni.go:11","func":"github.com/fentezi/scraper/internal/handlers.(*handler).GetDjinni()","level":"info","msg":"In Get Djinni","time":"2024-02-29T23:59:30+02:00"}
{"file":"handlerDjinni.go:15","func":"github.com/fentezi/scraper/internal/handlers.(*handler).GetDjinni()","level":"info","msg":"Junior","time":"2024-02-29T23:59:30+02:00"}
{"file":"djinniService.go:47","func":"github.com/fentezi/scraper/internal/services.ParserDjinni.func2()","level":"info","msg":"Finisged scraping: https://djinni.co/jobs/?primary_keyword=Golang","time":"2024-02-29T23:59:31+02:00"}
{"file":"djinniService.go:47","func":"github.com/fentezi/scraper/internal/services.ParserDjinni.func2()","level":"info","msg":"Finisged scraping: https://djinni.co/jobs/?primary_keyword=Golang\u0026page=2","time":"2024-02-29T23:59:31+02:00"}
{"file":"djinniService.go:47","func":"github.com/fentezi/scraper/internal/services.ParserDjinni.func2()","level":"info","msg":"Finisged scraping: https://djinni.co/jobs/?primary_keyword=Golang\u0026page=3","time":"2024-02-29T23:59:31+02:00"}
{"file":"djinniService.go:47","func":"github.com/fentezi/scraper/internal/services.ParserDjinni.func2()","level":"info","msg":"Finisged scraping: https://djinni.co/jobs/?primary_keyword=Golang\u0026page=4","time":"2024-02-29T23:59:31+02:00"}
{"file":"handlerDjinni.go:11","func":"github.com/fentezi/scraper/internal/handlers.(*handler).GetDjinni()","level":"info","msg":"In Get Djinni","time":"2024-02-29T23:59:35+02:00"}
{"file":"handlerDjinni.go:15","func":"github.com/fentezi/scraper/internal/handlers.(*handler).GetDjinni()","level":"info","msg":"Junior","time":"2024-02-29T23:59:35+02:00"}
{"file":"djinniService.go:47","func":"github.com/fentezi/scraper/internal/services.ParserDjinni.func2()","level":"info","msg":"Finisged scraping: https://djinni.co/jobs/?primary_keyword=Golang","time":"2024-02-29T23:59:36+02:00"}
{"file":"djinniService.go:47","func":"github.com/fentezi/scraper/internal/services.ParserDjinni.func2()","level":"info","msg":"Finisged scraping: https://djinni.co/jobs/?primary_keyword=Golang\u0026page=2","time":"2024-02-29T23:59:36+02:00"}
{"file":"djinniService.go:47","func":"github.com/fentezi/scraper/internal/services.ParserDjinni.func2()","level":"info","msg":"Finisged scraping: https://djinni.co/jobs/?primary_keyword=Golang\u0026page=3","time":"2024-02-29T23:59:36+02:00"}
{"file":"djinniService.go:47","func":"github.com/fentezi/scraper/internal/services.ParserDjinni.func2()","level":"info","msg":"Finisged scraping: https://djinni.co/jobs/?primary_keyword=Golang\u0026page=4","time":"2024-02-29T23:59:37+02:00"}
{"file":"handlerDjinni.go:24","func":"github.com/fentezi/scraper/internal/handlers.(*handler).GetDjinni()","level":"info","msg":"ctx done","time":"2024-02-29T23:59:37+02:00"}
{"file":"app.go:12","func":"main.main()","level":"info","msg":"Start server","time":"2024-03-01T00:00:27+02:00"}
{"file":"app.go:14","func":"main.main()","level":"info","msg":"Init handlers","time":"2024-03-01T00:00:27+02:00"}
{"file":"handlerDjinni.go:11","func":"github.com/fentezi/scraper/internal/handlers.(*handler).GetDjinni()","level":"info","msg":"In Get Djinni","time":"2024-03-01T00:00:31+02:00"}
{"file":"handlerDjinni.go:15","func":"github.com/fentezi/scraper/internal/handlers.(*handler).GetDjinni()","level":"info","msg":"Junior","time":"2024-03-01T00:00:31+02:00"}
{"file":"djinniService.go:47","func":"github.com/fentezi/scraper/internal/services.ParserDjinni.func2()","level":"info","msg":"Finisged scraping: https://djinni.co/jobs/?primary_keyword=Golang","time":"2024-03-01T00:00:32+02:00"}
{"file":"djinniService.go:47","func":"github.com/fentezi/scraper/internal/services.ParserDjinni.func2()","level":"info","msg":"Finisged scraping: https://djinni.co/jobs/?primary_keyword=Golang\u0026page=2","time":"2024-03-01T00:00:32+02:00"}
{"file":"djinniService.go:47","func":"github.com/fentezi/scraper/internal/services.ParserDjinni.func2()","level":"info","msg":"Finisged scraping: https://djinni.co/jobs/?primary_keyword=Golang\u0026page=3","time":"2024-03-01T00:00:32+02:00"}
{"file":"djinniService.go:47","func":"github.com/fentezi/scraper/internal/services.ParserDjinni.func2()","level":"info","msg":"Finisged scraping: https://djinni.co/jobs/?primary_keyword=Golang\u0026page=4","time":"2024-03-01T00:00:33+02:00"}
{"file":"handlerDjinni.go:24","func":"github.com/fentezi/scraper/internal/handlers.(*handler).GetDjinni()","level":"info","msg":"ctx done","time":"2024-03-01T00:00:33+02:00"}
{"file":"handlerDjinni.go:26","func":"github.com/fentezi/scraper/internal/handlers.(*handler).GetDjinni()","level":"info","msg":"After","time":"2024-03-01T00:00:33+02:00"}
{"file":"app.go:12","func":"main.main()","level":"info","msg":"Start server","time":"2024-03-01T00:01:02+02:00"}
{"file":"app.go:14","func":"main.main()","level":"info","msg":"Init handlers","time":"2024-03-01T00:01:03+02:00"}
{"file":"handlerDjinni.go:11","func":"github.com/fentezi/scraper/internal/handlers.(*handler).GetDjinni()","level":"info","msg":"In Get Djinni","time":"2024-03-01T00:01:10+02:00"}
{"file":"handlerDjinni.go:15","func":"github.com/fentezi/scraper/internal/handlers.(*handler).GetDjinni()","level":"info","msg":"Junior","time":"2024-03-01T00:01:10+02:00"}
{"file":"djinniService.go:47","func":"github.com/fentezi/scraper/internal/services.ParserDjinni.func2()","level":"info","msg":"Finisged scraping: https://djinni.co/jobs/?primary_keyword=Golang","time":"2024-03-01T00:01:11+02:00"}
{"file":"djinniService.go:47","func":"github.com/fentezi/scraper/internal/services.ParserDjinni.func2()","level":"info","msg":"Finisged scraping: https://djinni.co/jobs/?primary_keyword=Golang\u0026page=2","time":"2024-03-01T00:01:11+02:00"}
{"file":"djinniService.go:47","func":"github.com/fentezi/scraper/internal/services.ParserDjinni.func2()","level":"info","msg":"Finisged scraping: https://djinni.co/jobs/?primary_keyword=Golang\u0026page=3","time":"2024-03-01T00:01:11+02:00"}
{"file":"djinniService.go:47","func":"github.com/fentezi/scraper/internal/services.ParserDjinni.func2()","level":"info","msg":"Finisged scraping: https://djinni.co/jobs/?primary_keyword=Golang\u0026page=4","time":"2024-03-01T00:01:12+02:00"}
{"file":"handlerDjinni.go:11","func":"github.com/fentezi/scraper/internal/handlers.(*handler).GetDjinni()","level":"info","msg":"In Get Djinni","time":"2024-03-01T00:01:14+02:00"}
{"file":"handlerDjinni.go:15","func":"github.com/fentezi/scraper/internal/handlers.(*handler).GetDjinni()","level":"info","msg":"Junior","time":"2024-03-01T00:01:14+02:00"}
{"file":"djinniService.go:47","func":"github.com/fentezi/scraper/internal/services.ParserDjinni.func2()","level":"info","msg":"Finisged scraping: https://djinni.co/jobs/?primary_keyword=Golang","time":"2024-03-01T00:01:15+02:00"}
{"file":"djinniService.go:47","func":"github.com/fentezi/scraper/internal/services.ParserDjinni.func2()","level":"info","msg":"Finisged scraping: https://djinni.co/jobs/?primary_keyword=Golang\u0026page=2","time":"2024-03-01T00:01:15+02:00"}
{"file":"djinniService.go:47","func":"github.com/fentezi/scraper/internal/services.ParserDjinni.func2()","level":"info","msg":"Finisged scraping: https://djinni.co/jobs/?primary_keyword=Golang\u0026page=3","time":"2024-03-01T00:01:15+02:00"}
{"file":"djinniService.go:47","func":"github.com/fentezi/scraper/internal/services.ParserDjinni.func2()","level":"info","msg":"Finisged scraping: https://djinni.co/jobs/?primary_keyword=Golang\u0026page=4","time":"2024-03-01T00:01:16+02:00"}
{"file":"handlerDjinni.go:11","func":"github.com/fentezi/scraper/internal/handlers.(*handler).GetDjinni()","level":"info","msg":"In Get Djinni","time":"2024-03-01T00:01:19+02:00"}
{"file":"handlerDjinni.go:15","func":"github.com/fentezi/scraper/internal/handlers.(*handler).GetDjinni()","level":"info","msg":"Junior","time":"2024-03-01T00:01:19+02:00"}
{"file":"djinniService.go:47","func":"github.com/fentezi/scraper/internal/services.ParserDjinni.func2()","level":"info","msg":"Finisged scraping: https://djinni.co/jobs/?primary_keyword=Golang","time":"2024-03-01T00:01:19+02:00"}
{"file":"djinniService.go:47","func":"github.com/fentezi/scraper/internal/services.ParserDjinni.func2()","level":"info","msg":"Finisged scraping: https://djinni.co/jobs/?primary_keyword=Golang\u0026page=2","time":"2024-03-01T00:01:20+02:00"}
{"file":"djinniService.go:47","func":"github.com/fentezi/scraper/internal/services.ParserDjinni.func2()","level":"info","msg":"Finisged scraping: https://djinni.co/jobs/?primary_keyword=Golang\u0026page=3","time":"2024-03-01T00:01:20+02:00"}
{"file":"djinniService.go:47","func":"github.com/fentezi/scraper/internal/services.ParserDjinni.func2()","level":"info","msg":"Finisged scraping: https://djinni.co/jobs/?primary_keyword=Golang\u0026page=4","time":"2024-03-01T00:01:20+02:00"}
{"file":"app.go:12","func":"main.main()","level":"info","msg":"Start server","time":"2024-03-01T00:03:26+02:00"}
{"file":"app.go:14","func":"main.main()","level":"info","msg":"Init handlers","time":"2024-03-01T00:03:26+02:00"}
{"file":"app.go:12","func":"main.main()","level":"info","msg":"Start server","time":"2024-03-01T00:04:34+02:00"}
{"file":"app.go:14","func":"main.main()","level":"info","msg":"Init handlers","time":"2024-03-01T00:04:34+02:00"}
{"file":"handlerDjinni.go:11","func":"github.com/fentezi/scraper/internal/handlers.(*handler).GetDjinni()","level":"info","msg":"In Get Djinni","time":"2024-03-01T00:04:38+02:00"}
{"file":"handlerDjinni.go:15","func":"github.com/fentezi/scraper/internal/handlers.(*handler).GetDjinni()","level":"info","msg":"Junior","time":"2024-03-01T00:04:38+02:00"}
{"file":"djinniService.go:47","func":"github.com/fentezi/scraper/internal/services.ParserDjinni.func2()","level":"info","msg":"Finisged scraping: https://djinni.co/jobs/?primary_keyword=Golang","time":"2024-03-01T00:04:38+02:00"}
{"file":"djinniService.go:47","func":"github.com/fentezi/scraper/internal/services.ParserDjinni.func2()","level":"info","msg":"Finisged scraping: https://djinni.co/jobs/?primary_keyword=Golang\u0026page=2","time":"2024-03-01T00:04:39+02:00"}
{"file":"djinniService.go:47","func":"github.com/fentezi/scraper/internal/services.ParserDjinni.func2()","level":"info","msg":"Finisged scraping: https://djinni.co/jobs/?primary_keyword=Golang\u0026page=3","time":"2024-03-01T00:04:39+02:00"}
{"file":"djinniService.go:47","func":"github.com/fentezi/scraper/internal/services.ParserDjinni.func2()","level":"info","msg":"Finisged scraping: https://djinni.co/jobs/?primary_keyword=Golang\u0026page=4","time":"2024-03-01T00:04:39+02:00"}
{"file":"app.go:12","func":"main.main()","level":"info","msg":"Start server","time":"2024-03-01T00:07:25+02:00"}
{"file":"app.go:14","func":"main.main()","level":"info","msg":"Init handlers","time":"2024-03-01T00:07:25+02:00"}
{"file":"handlerDjinni.go:11","func":"github.com/fentezi/scraper/internal/handlers.(*handler).GetDjinni()","level":"info","msg":"In Get Djinni","time":"2024-03-01T00:07:31+02:00"}
{"file":"handlerDjinni.go:15","func":"github.com/fentezi/scraper/internal/handlers.(*handler).GetDjinni()","level":"info","msg":"Junior","time":"2024-03-01T00:07:31+02:00"}
{"file":"djinniService.go:47","func":"github.com/fentezi/scraper/internal/services.ParserDjinni.func2()","level":"info","msg":"Finisged scraping: https://djinni.co/jobs/?primary_keyword=Golang","time":"2024-03-01T00:07:32+02:00"}
{"file":"djinniService.go:47","func":"github.com/fentezi/scraper/internal/services.ParserDjinni.func2()","level":"info","msg":"Finisged scraping: https://djinni.co/jobs/?primary_keyword=Golang\u0026page=2","time":"2024-03-01T00:07:32+02:00"}
{"file":"djinniService.go:47","func":"github.com/fentezi/scraper/internal/services.ParserDjinni.func2()","level":"info","msg":"Finisged scraping: https://djinni.co/jobs/?primary_keyword=Golang\u0026page=3","time":"2024-03-01T00:07:32+02:00"}
{"file":"djinniService.go:47","func":"github.com/fentezi/scraper/internal/services.ParserDjinni.func2()","level":"info","msg":"Finisged scraping: https://djinni.co/jobs/?primary_keyword=Golang\u0026page=4","time":"2024-03-01T00:07:32+02:00"}
{"file":"handlerDjinni.go:11","func":"github.com/fentezi/scraper/internal/handlers.(*handler).GetDjinni()","level":"info","msg":"In Get Djinni","time":"2024-03-01T00:07:42+02:00"}
{"file":"handlerDjinni.go:15","func":"github.com/fentezi/scraper/internal/handlers.(*handler).GetDjinni()","level":"info","msg":"Middle","time":"2024-03-01T00:07:42+02:00"}
{"file":"djinniService.go:47","func":"github.com/fentezi/scraper/internal/services.ParserDjinni.func2()","level":"info","msg":"Finisged scraping: https://djinni.co/jobs/?primary_keyword=Golang","time":"2024-03-01T00:07:42+02:00"}
{"file":"djinniService.go:47","func":"github.com/fentezi/scraper/internal/services.ParserDjinni.func2()","level":"info","msg":"Finisged scraping: https://djinni.co/jobs/?primary_keyword=Golang\u0026page=2","time":"2024-03-01T00:07:42+02:00"}
{"file":"djinniService.go:47","func":"github.com/fentezi/scraper/internal/services.ParserDjinni.func2()","level":"info","msg":"Finisged scraping: https://djinni.co/jobs/?primary_keyword=Golang\u0026page=3","time":"2024-03-01T00:07:43+02:00"}
{"file":"djinniService.go:47","func":"github.com/fentezi/scraper/internal/services.ParserDjinni.func2()","level":"info","msg":"Finisged scraping: https://djinni.co/jobs/?primary_keyword=Golang\u0026page=4","time":"2024-03-01T00:07:43+02:00"}
{"file":"handlerDjinni.go:11","func":"github.com/fentezi/scraper/internal/handlers.(*handler).GetDjinni()","level":"info","msg":"In Get Djinni","time":"2024-03-01T00:07:46+02:00"}
{"file":"handlerDjinni.go:15","func":"github.com/fentezi/scraper/internal/handlers.(*handler).GetDjinni()","level":"info","msg":"Senior","time":"2024-03-01T00:07:46+02:00"}
{"file":"djinniService.go:47","func":"github.com/fentezi/scraper/internal/services.ParserDjinni.func2()","level":"info","msg":"Finisged scraping: https://djinni.co/jobs/?primary_keyword=Golang","time":"2024-03-01T00:07:46+02:00"}
{"file":"djinniService.go:47","func":"github.com/fentezi/scraper/internal/services.ParserDjinni.func2()","level":"info","msg":"Finisged scraping: https://djinni.co/jobs/?primary_keyword=Golang\u0026page=2","time":"2024-03-01T00:07:47+02:00"}
{"file":"djinniService.go:47","func":"github.com/fentezi/scraper/internal/services.ParserDjinni.func2()","level":"info","msg":"Finisged scraping: https://djinni.co/jobs/?primary_keyword=Golang\u0026page=3","time":"2024-03-01T00:07:47+02:00"}
{"file":"djinniService.go:47","func":"github.com/fentezi/scraper/internal/services.ParserDjinni.func2()","level":"info","msg":"Finisged scraping: https://djinni.co/jobs/?primary_keyword=Golang\u0026page=4","time":"2024-03-01T00:07:47+02:00"}
{"file":"handlerDjinni.go:11","func":"github.com/fentezi/scraper/internal/handlers.(*handler).GetDjinni()","level":"info","msg":"In Get Djinni","time":"2024-03-01T00:07:50+02:00"}
{"file":"handlerDjinni.go:15","func":"github.com/fentezi/scraper/internal/handlers.(*handler).GetDjinni()","level":"info","msg":"Senior","time":"2024-03-01T00:07:50+02:00"}
{"file":"djinniService.go:47","func":"github.com/fentezi/scraper/internal/services.ParserDjinni.func2()","level":"info","msg":"Finisged scraping: https://djinni.co/jobs/?primary_keyword=Golang","time":"2024-03-01T00:07:50+02:00"}
{"file":"djinniService.go:47","func":"github.com/fentezi/scraper/internal/services.ParserDjinni.func2()","level":"info","msg":"Finisged scraping: https://djinni.co/jobs/?primary_keyword=Golang\u0026page=2","time":"2024-03-01T00:07:50+02:00"}
{"file":"djinniService.go:47","func":"github.com/fentezi/scraper/internal/services.ParserDjinni.func2()","level":"info","msg":"Finisged scraping: https://djinni.co/jobs/?primary_keyword=Golang\u0026page=3","time":"2024-03-01T00:07:51+02:00"}
{"file":"djinniService.go:47","func":"github.com/fentezi/scraper/internal/services.ParserDjinni.func2()","level":"info","msg":"Finisged scraping: https://djinni.co/jobs/?primary_keyword=Golang\u0026page=4","time":"2024-03-01T00:07:51+02:00"}
{"file":"handlerDjinni.go:11","func":"github.com/fentezi/scraper/internal/handlers.(*handler).GetDjinni()","level":"info","msg":"In Get Djinni","time":"2024-03-01T00:07:54+02:00"}
{"file":"handlerDjinni.go:15","func":"github.com/fentezi/scraper/internal/handlers.(*handler).GetDjinni()","level":"info","msg":"Senior","time":"2024-03-01T00:07:54+02:00"}
{"file":"djinniService.go:47","func":"github.com/fentezi/scraper/internal/services.ParserDjinni.func2()","level":"info","msg":"Finisged scraping: https://djinni.co/jobs/?primary_keyword=Golang","time":"2024-03-01T00:07:55+02:00"}
{"file":"djinniService.go:47","func":"github.com/fentezi/scraper/internal/services.ParserDjinni.func2()","level":"info","msg":"Finisged scraping: https://djinni.co/jobs/?primary_keyword=Golang\u0026page=2","time":"2024-03-01T00:07:55+02:00"}
{"file":"djinniService.go:47","func":"github.com/fentezi/scraper/internal/services.ParserDjinni.func2()","level":"info","msg":"Finisged scraping: https://djinni.co/jobs/?primary_keyword=Golang\u0026page=3","time":"2024-03-01T00:07:55+02:00"}
{"file":"djinniService.go:47","func":"github.com/fentezi/scraper/internal/services.ParserDjinni.func2()","level":"info","msg":"Finisged scraping: https://djinni.co/jobs/?primary_keyword=Golang\u0026page=4","time":"2024-03-01T00:07:56+02:00"}
{"file":"app.go:12","func":"main.main()","level":"info","msg":"Start server","time":"2024-03-01T00:11:28+02:00"}
{"file":"app.go:14","func":"main.main()","level":"info","msg":"Init handlers","time":"2024-03-01T00:11:28+02:00"}
{"file":"handlerDjinni.go:11","func":"github.com/fentezi/scraper/internal/handlers.(*handler).GetDjinni()","level":"info","msg":"In Get Djinni","time":"2024-03-01T00:11:44+02:00"}
{"file":"handlerDjinni.go:15","func":"github.com/fentezi/scraper/internal/handlers.(*handler).GetDjinni()","level":"info","msg":"","time":"2024-03-01T00:11:44+02:00"}
{"file":"handlerDjinni.go:18","func":"github.com/fentezi/scraper/internal/handlers.(*handler).GetDjinni()","level":"info","msg":"Experience is empty!","time":"2024-03-01T00:11:44+02:00"}
{"file":"app.go:12","func":"main.main()","level":"info","msg":"Start server","time":"2024-03-01T13:17:49+02:00"}
{"file":"app.go:14","func":"main.main()","level":"info","msg":"Init handlers","time":"2024-03-01T13:17:49+02:00"}
{"file":"app.go:12","func":"main.main()","level":"info","msg":"Start server","time":"2024-03-01T13:21:04+02:00"}
{"file":"app.go:14","func":"main.main()","level":"info","msg":"Init handlers","time":"2024-03-01T13:21:04+02:00"}
{"file":"djinniService.go:45","func":"github.com/fentezi/scraper/internal/services.ParserDjinni.func2()","level":"info","msg":"Finisged scraping: https://djinni.co/jobs/?primary_keyword=Golang","time":"2024-03-01T13:22:22+02:00"}
{"file":"djinniService.go:45","func":"github.com/fentezi/scraper/internal/services.ParserDjinni.func2()","level":"info","msg":"Finisged scraping: https://djinni.co/jobs/?primary_keyword=Golang\u0026page=2","time":"2024-03-01T13:22:22+02:00"}
{"file":"djinniService.go:45","func":"github.com/fentezi/scraper/internal/services.ParserDjinni.func2()","level":"info","msg":"Finisged scraping: https://djinni.co/jobs/?primary_keyword=Golang\u0026page=3","time":"2024-03-01T13:22:23+02:00"}
{"file":"djinniService.go:45","func":"github.com/fentezi/scraper/internal/services.ParserDjinni.func2()","level":"info","msg":"Finisged scraping: https://djinni.co/jobs/?primary_keyword=Golang\u0026page=4","time":"2024-03-01T13:22:23+02:00"}
{"file":"app.go:12","func":"main.main()","level":"info","msg":"Start server","time":"2024-03-01T13:23:06+02:00"}
{"file":"app.go:14","func":"main.main()","level":"info","msg":"Init handlers","time":"2024-03-01T13:23:06+02:00"}
{"file":"djinniService.go:45","func":"github.com/fentezi/scraper/internal/services.ParserDjinni.func2()","level":"info","msg":"Finisged scraping: https://djinni.co/jobs/?primary_keyword=Golang","time":"2024-03-01T13:23:16+02:00"}
{"file":"djinniService.go:45","func":"github.com/fentezi/scraper/internal/services.ParserDjinni.func2()","level":"info","msg":"Finisged scraping: https://djinni.co/jobs/?primary_keyword=Golang\u0026page=2","time":"2024-03-01T13:23:16+02:00"}
{"file":"djinniService.go:45","func":"github.com/fentezi/scraper/internal/services.ParserDjinni.func2()","level":"info","msg":"Finisged scraping: https://djinni.co/jobs/?primary_keyword=Golang\u0026page=3","time":"2024-03-01T13:23:16+02:00"}
{"file":"djinniService.go:45","func":"github.com/fentezi/scraper/internal/services.ParserDjinni.func2()","level":"info","msg":"Finisged scraping: https://djinni.co/jobs/?primary_keyword=Golang\u0026page=4","time":"2024-03-01T13:23:17+02:00"}
{"file":"app.go:12","func":"main.main()","level":"info","msg":"Start server","time":"2024-03-01T13:30:13+02:00"}
{"file":"app.go:14","func":"main.main()","level":"info","msg":"Init handlers","time":"2024-03-01T13:30:13+02:00"}
{"file":"handlerDou.go:14","func":"github.com/fentezi/scraper/internal/handlers.(*Handler).GetDou()","level":"info","msg":"Junior","time":"2024-03-01T13:30:18+02:00"}
{"file":"app.go:12","func":"main.main()","level":"info","msg":"Start server","time":"2024-03-01T13:30:50+02:00"}
{"file":"app.go:14","func":"main.main()","level":"info","msg":"Init handlers","time":"2024-03-01T13:30:50+02:00"}
{"file":"handlerDou.go:14","func":"github.com/fentezi/scraper/internal/handlers.(*Handler).GetDou()","level":"info","msg":"Junior","time":"2024-03-01T13:30:53+02:00"}
{"file":"douService.go:61","func":"github.com/fentezi/scraper/internal/services.ParserDou()","level":"info","msg":"chDou - Yes","time":"2024-03-01T13:30:53+02:00"}
{"file":"app.go:12","func":"main.main()","level":"info","msg":"Start server","time":"2024-03-01T13:31:40+02:00"}
{"file":"app.go:14","func":"main.main()","level":"info","msg":"Init handlers","time":"2024-03-01T13:31:40+02:00"}
{"file":"app.go:12","func":"main.main()","level":"info","msg":"Start server","time":"2024-03-01T13:43:41+02:00"}
{"file":"app.go:14","func":"main.main()","level":"info","msg":"Init handlers","time":"2024-03-01T13:43:41+02:00"}
{"file":"app.go:12","func":"main.main()","level":"info","msg":"Start server","time":"2024-03-01T13:44:19+02:00"}
{"file":"app.go:14","func":"main.main()","level":"info","msg":"Init handlers","time":"2024-03-01T13:44:19+02:00"}
{"file":"app.go:12","func":"main.main()","level":"info","msg":"Start server","time":"2024-03-01T13:45:09+02:00"}
{"file":"app.go:14","func":"main.main()","level":"info","msg":"Init handlers","time":"2024-03-01T13:45:09+02:00"}
{"file":"djinniService.go:45","func":"github.com/fentezi/scraper/internal/services.ParserDjinni.func2()","level":"info","msg":"Finisged scraping: https://djinni.co/jobs/?primary_keyword=Golang","time":"2024-03-01T13:46:04+02:00"}
{"file":"djinniService.go:45","func":"github.com/fentezi/scraper/internal/services.ParserDjinni.func2()","level":"info","msg":"Finisged scraping: https://djinni.co/jobs/?primary_keyword=Golang\u0026page=2","time":"2024-03-01T13:46:04+02:00"}
{"file":"djinniService.go:45","func":"github.com/fentezi/scraper/internal/services.ParserDjinni.func2()","level":"info","msg":"Finisged scraping: https://djinni.co/jobs/?primary_keyword=Golang\u0026page=3","time":"2024-03-01T13:46:04+02:00"}
{"file":"djinniService.go:45","func":"github.com/fentezi/scraper/internal/services.ParserDjinni.func2()","level":"info","msg":"Finisged scraping: https://djinni.co/jobs/?primary_keyword=Golang\u0026page=4","time":"2024-03-01T13:46:04+02:00"}
{"file":"djinniService.go:45","func":"github.com/fentezi/scraper/internal/services.ParserDjinni.func2()","level":"info","msg":"Finisged scraping: https://djinni.co/jobs/?primary_keyword=Golang","time":"2024-03-01T13:46:07+02:00"}
{"file":"djinniService.go:45","func":"github.com/fentezi/scraper/internal/services.ParserDjinni.func2()","level":"info","msg":"Finisged scraping: https://djinni.co/jobs/?primary_keyword=Golang\u0026page=2","time":"2024-03-01T13:46:07+02:00"}
{"file":"djinniService.go:45","func":"github.com/fentezi/scraper/internal/services.ParserDjinni.func2()","level":"info","msg":"Finisged scraping: https://djinni.co/jobs/?primary_keyword=Golang\u0026page=3","time":"2024-03-01T13:46:08+02:00"}
{"file":"djinniService.go:45","func":"github.com/fentezi/scraper/internal/services.ParserDjinni.func2()","level":"info","msg":"Finisged scraping: https://djinni.co/jobs/?primary_keyword=Golang\u0026page=4","time":"2024-03-01T13:46:08+02:00"}
{"file":"djinniService.go:45","func":"github.com/fentezi/scraper/internal/services.ParserDjinni.func2()","level":"info","msg":"Finisged scraping: https://djinni.co/jobs/?primary_keyword=Golang","time":"2024-03-01T13:46:08+02:00"}
{"file":"djinniService.go:45","func":"github.com/fentezi/scraper/internal/services.ParserDjinni.func2()","level":"info","msg":"Finisged scraping: https://djinni.co/jobs/?primary_keyword=Golang\u0026page=2","time":"2024-03-01T13:46:09+02:00"}
{"file":"djinniService.go:45","func":"github.com/fentezi/scraper/internal/services.ParserDjinni.func2()","level":"info","msg":"Finisged scraping: https://djinni.co/jobs/?primary_keyword=Golang\u0026page=3","time":"2024-03-01T13:46:09+02:00"}
{"file":"djinniService.go:45","func":"github.com/fentezi/scraper/internal/services.ParserDjinni.func2()","level":"info","msg":"Finisged scraping: https://djinni.co/jobs/?primary_keyword=Golang\u0026page=4","time":"2024-03-01T13:46:09+02:00"}
{"file":"djinniService.go:45","func":"github.com/fentezi/scraper/internal/services.ParserDjinni.func2()","level":"info","msg":"Finisged scraping: https://djinni.co/jobs/?primary_keyword=Golang","time":"2024-03-01T13:49:27+02:00"}
{"file":"djinniService.go:45","func":"github.com/fentezi/scraper/internal/services.ParserDjinni.func2()","level":"info","msg":"Finisged scraping: https://djinni.co/jobs/?primary_keyword=Golang\u0026page=2","time":"2024-03-01T13:49:27+02:00"}
{"file":"djinniService.go:45","func":"github.com/fentezi/scraper/internal/services.ParserDjinni.func2()","level":"info","msg":"Finisged scraping: https://djinni.co/jobs/?primary_keyword=Golang\u0026page=3","time":"2024-03-01T13:49:28+02:00"}
{"file":"djinniService.go:45","func":"github.com/fentezi/scraper/internal/services.ParserDjinni.func2()","level":"info","msg":"Finisged scraping: https://djinni.co/jobs/?primary_keyword=Golang\u0026page=4","time":"2024-03-01T13:49:28+02:00"}
{"file":"djinniService.go:45","func":"github.com/fentezi/scraper/internal/services.ParserDjinni.func2()","level":"info","msg":"Finisged scraping: https://djinni.co/jobs/?primary_keyword=Golang","time":"2024-03-01T13:49:28+02:00"}
{"file":"djinniService.go:45","func":"github.com/fentezi/scraper/internal/services.ParserDjinni.func2()","level":"info","msg":"Finisged scraping: https://djinni.co/jobs/?primary_keyword=Golang\u0026page=2","time":"2024-03-01T13:49:29+02:00"}
{"file":"djinniService.go:45","func":"github.com/fentezi/scraper/internal/services.ParserDjinni.func2()","level":"info","msg":"Finisged scraping: https://djinni.co/jobs/?primary_keyword=Golang\u0026page=3","time":"2024-03-01T13:49:29+02:00"}
{"file":"djinniService.go:45","func":"github.com/fentezi/scraper/internal/services.ParserDjinni.func2()","level":"info","msg":"Finisged scraping: https://djinni.co/jobs/?primary_keyword=Golang\u0026page=4","time":"2024-03-01T13:49:29+02:00"}
{"file":"djinniService.go:45","func":"github.com/fentezi/scraper/internal/services.ParserDjinni.func2()","level":"info","msg":"Finisged scraping: https://djinni.co/jobs/?primary_keyword=Golang","time":"2024-03-01T13:59:30+02:00"}
{"file":"djinniService.go:45","func":"github.com/fentezi/scraper/internal/services.ParserDjinni.func2()","level":"info","msg":"Finisged scraping: https://djinni.co/jobs/?primary_keyword=Golang\u0026page=2","time":"2024-03-01T13:59:30+02:00"}
{"file":"djinniService.go:45","func":"github.com/fentezi/scraper/internal/services.ParserDjinni.func2()","level":"info","msg":"Finisged scraping: https://djinni.co/jobs/?primary_keyword=Golang\u0026page=3","time":"2024-03-01T13:59:30+02:00"}
{"file":"djinniService.go:45","func":"github.com/fentezi/scraper/internal/services.ParserDjinni.func2()","level":"info","msg":"Finisged scraping: https://djinni.co/jobs/?primary_keyword=Golang\u0026page=4","time":"2024-03-01T13:59:30+02:00"}
{"file":"djinniService.go:45","func":"github.com/fentezi/scraper/internal/services.ParserDjinni.func2()","level":"info","msg":"Finisged scraping: https://djinni.co/jobs/?primary_keyword=Golang","time":"2024-03-01T13:59:31+02:00"}
{"file":"djinniService.go:45","func":"github.com/fentezi/scraper/internal/services.ParserDjinni.func2()","level":"info","msg":"Finisged scraping: https://djinni.co/jobs/?primary_keyword=Golang\u0026page=2","time":"2024-03-01T13:59:31+02:00"}
{"file":"djinniService.go:45","func":"github.com/fentezi/scraper/internal/services.ParserDjinni.func2()","level":"info","msg":"Finisged scraping: https://djinni.co/jobs/?primary_keyword=Golang\u0026page=3","time":"2024-03-01T13:59:31+02:00"}
{"file":"djinniService.go:45","func":"github.com/fentezi/scraper/internal/services.ParserDjinni.func2()","level":"info","msg":"Finisged scraping: https://djinni.co/jobs/?primary_keyword=Golang\u0026page=4","time":"2024-03-01T13:59:31+02:00"}
